<?xml version="1.0" encoding="UTF-8"?>
<testsuite xmlns:xsi="http://www.w3.org/2001/XMLSchema-instance" xsi:noNamespaceSchemaLocation="https://maven.apache.org/surefire/maven-surefire-plugin/xsd/surefire-test-report-3.0.xsd" version="3.0" name="com.reservations.repository.ParamReservationRepositoryTest" time="0.264" tests="9" errors="0" skipped="0" failures="0">
  <properties>
[...]
</properties>
  <testcase name="save_should_return_the_information_param(String)[1]" classname="com.reservations.repository.ParamReservationRepositoryTest" time="0.088">
    <system-out><![CDATA[antes de cada prueba
despues de cada prueba
]]></system-out>
  </testcase>
  <testcase name="save_should_return_the_information_param(String)[2]" classname="com.reservations.repository.ParamReservationRepositoryTest" time="0.003">
    <system-out><![CDATA[antes de cada prueba
despues de cada prueba
]]></system-out>
  </testcase>
  <testcase name="save_should_return_the_information_param(String)[3]" classname="com.reservations.repository.ParamReservationRepositoryTest" time="0.002">
    <system-out><![CDATA[antes de cada prueba
despues de cada prueba
]]></system-out>
  </testcase>
  <testcase name="save_should_return_the_information_paramCSV(String, String)[1]" classname="com.reservations.repository.ParamReservationRepositoryTest" time="0.008">
    <system-out><![CDATA[antes de cada prueba
despues de cada prueba
]]></system-out>
  </testcase>
  <testcase name="save_should_return_the_information_paramCSV(String, String)[2]" classname="com.reservations.repository.ParamReservationRepositoryTest" time="0.003">
    <system-out><![CDATA[antes de cada prueba
despues de cada prueba
]]></system-out>
  </testcase>
  <testcase name="save_should_return_the_information_paramCSV(String, String)[3]" classname="com.reservations.repository.ParamReservationRepositoryTest" time="0.002">
    <system-out><![CDATA[antes de cada prueba
despues de cada prueba
]]></system-out>
  </testcase>
  <testcase name="save_should_return_the_information_paramCSVFile(String, String)[1]" classname="com.reservations.repository.ParamReservationRepositoryTest" time="0.004">
    <system-out><![CDATA[antes de cada prueba
despues de cada prueba
]]></system-out>
  </testcase>
  <testcase name="save_should_return_the_information_paramCSVFile(String, String)[2]" classname="com.reservations.repository.ParamReservationRepositoryTest" time="0.002">
    <system-out><![CDATA[antes de cada prueba
despues de cada prueba
]]></system-out>
  </testcase>
  <testcase name="save_should_return_the_information_paramCSVFile(String, String)[3]" classname="com.reservations.repository.ParamReservationRepositoryTest" time="0.002">
    <system-out><![CDATA[antes de cada prueba
despues de cada prueba
]]></system-out>
  </testcase>
</testsuite>